<?xml version="1.0" encoding="UTF-8"?>
<Site BuildName="Win32-MSBuild"
	BuildStamp="20250421-2054-Experimental"
	Name="DESKTOP-JA5D2AV"
	Generator="ctest-4.0.1"
	CompilerName="C:/Program Files/Microsoft Visual Studio/2022/Community/VC/Tools/MSVC/14.43.34808/bin/Hostx64/x86/cl.exe"
	CompilerVersion="19.43.34810.0"
	OSName="Windows"
	Hostname="DESKTOP-JA5D2AV"
	OSRelease=" Personal"
	OSVersion=" (Build 19045)"
	OSPlatform="AMD64"
	Is64Bits="1"
	VendorString="GenuineIntel"
	VendorID="Intel Corporation"
	FamilyID="6"
	ModelID="14"
	ModelName=""
	ProcessorCacheSize="-1"
	NumberOfLogicalCPU="12"
	NumberOfPhysicalCPU="6"
	TotalVirtualMemory="37563"
	TotalPhysicalMemory="32699"
	LogicalProcessorsPerPhysical="2"
	ProcessorClockFrequency="3696"
	>
	<Testing>
		<StartDateTime>Apr 21 13:55 Pacific Daylight Time</StartDateTime>
		<StartTestTime>1745268934</StartTestTime>
		<TestList/>
		<EndDateTime>Apr 21 13:55 Pacific Daylight Time</EndDateTime>
		<EndTestTime>1745268934</EndTestTime>
		<ElapsedMinutes>0</ElapsedMinutes>
	</Testing>
</Site>
